<?xml version="1.0" encoding="UTF-8"?>
<!-- Generated by org.testng.reporters.JUnitReportReporter -->
<testsuite hostname="LAPTOP-P6ESQ0G5" failures="0" tests="1" name="testng.com.NewTest" time="0.008" errors="0" timestamp="2023-03-20T20:03:52 IST" skipped="0">
  <testcase classname="testng.com.NewTest" name="f" time="0.008"/>
  <system-out/>
</testsuite> <!-- testng.com.NewTest -->
